<?xml version="1.0" encoding="UTF-8"?>
<testng-results skipped="0" failed="0" ignored="0" total="1" passed="1">
  <reporter-output>
  </reporter-output>
  <suite name="Default suite" duration-ms="90" started-at="2020-04-02T17:19:04 EDT" finished-at="2020-04-02T17:19:04 EDT">
    <groups>
    </groups>
    <test name="Default test" duration-ms="90" started-at="2020-04-02T17:19:04 EDT" finished-at="2020-04-02T17:19:04 EDT">
      <class name="com.qa.test.Test1">
        <test-method status="PASS" signature="test1()[pri:0, instance:com.qa.test.Test1@694e1548]" name="test1" duration-ms="14" started-at="2020-04-02T17:19:04 EDT" finished-at="2020-04-02T17:19:04 EDT">
          <reporter-output>
          </reporter-output>
        </test-method> <!-- test1 -->
      </class> <!-- com.qa.test.Test1 -->
    </test> <!-- Default test -->
  </suite> <!-- Default suite -->
</testng-results>
